[2023-11-01T13:23:02.883+0700] {taskinstance.py:1157} INFO - Dependencies all met for dep_context=non-requeueable deps ti=<TaskInstance: api_crawler.create_connection scheduled__2023-11-01T06:10:00+00:00 [queued]>
[2023-11-01T13:23:02.891+0700] {taskinstance.py:1157} INFO - Dependencies all met for dep_context=requeueable deps ti=<TaskInstance: api_crawler.create_connection scheduled__2023-11-01T06:10:00+00:00 [queued]>
[2023-11-01T13:23:02.891+0700] {taskinstance.py:1359} INFO - Starting attempt 1 of 2
[2023-11-01T13:23:02.898+0700] {taskinstance.py:1380} INFO - Executing <Task(PythonOperator): create_connection> on 2023-11-01 06:10:00+00:00
[2023-11-01T13:23:02.919+0700] {standard_task_runner.py:57} INFO - Started process 680 to run task
[2023-11-01T13:23:02.921+0700] {standard_task_runner.py:84} INFO - Running: ['***', 'tasks', 'run', 'api_crawler', 'create_connection', 'scheduled__2023-11-01T06:10:00+00:00', '--job-id', '29', '--raw', '--subdir', 'DAGS_FOLDER/crawl_api_dag.py', '--cfg-path', '/tmp/tmp5kp99zka']
[2023-11-01T13:23:02.935+0700] {standard_task_runner.py:85} INFO - Job 29: Subtask create_connection
[2023-11-01T13:23:03.025+0700] {task_command.py:415} INFO - Running <TaskInstance: api_crawler.create_connection scheduled__2023-11-01T06:10:00+00:00 [running]> on host 26dc1404ecde
[2023-11-01T13:23:03.084+0700] {taskinstance.py:1660} INFO - Exporting env vars: AIRFLOW_CTX_DAG_EMAIL='***@example.com' AIRFLOW_CTX_DAG_OWNER='***' AIRFLOW_CTX_DAG_ID='api_crawler' AIRFLOW_CTX_TASK_ID='create_connection' AIRFLOW_CTX_EXECUTION_DATE='2023-11-01T06:10:00+00:00' AIRFLOW_CTX_TRY_NUMBER='1' AIRFLOW_CTX_DAG_RUN_ID='scheduled__2023-11-01T06:10:00+00:00'
[2023-11-01T13:23:03.093+0700] {create_conn.py:17} WARNING - Connection spark_conn already exists
[2023-11-01T13:23:03.094+0700] {create_conn.py:17} WARNING - Connection hive_conn already exists
[2023-11-01T13:23:03.094+0700] {python.py:194} INFO - Done. Returned value was: None
[2023-11-01T13:23:03.102+0700] {taskinstance.py:1398} INFO - Marking task as SUCCESS. dag_id=api_crawler, task_id=create_connection, execution_date=20231101T061000, start_date=20231101T062302, end_date=20231101T062303
[2023-11-01T13:23:03.147+0700] {local_task_job_runner.py:228} INFO - Task exited with return code 0
[2023-11-01T13:23:03.165+0700] {taskinstance.py:2776} INFO - 1 downstream tasks scheduled from follow-on schedule check
[2023-11-01T13:25:21.107+0700] {taskinstance.py:1157} INFO - Dependencies all met for dep_context=non-requeueable deps ti=<TaskInstance: api_crawler.create_connection scheduled__2023-11-01T06:10:00+00:00 [queued]>
[2023-11-01T13:25:21.113+0700] {taskinstance.py:1157} INFO - Dependencies all met for dep_context=requeueable deps ti=<TaskInstance: api_crawler.create_connection scheduled__2023-11-01T06:10:00+00:00 [queued]>
[2023-11-01T13:25:21.113+0700] {taskinstance.py:1359} INFO - Starting attempt 1 of 2
[2023-11-01T13:25:21.123+0700] {taskinstance.py:1380} INFO - Executing <Task(PythonOperator): create_connection> on 2023-11-01 06:10:00+00:00
[2023-11-01T13:25:21.130+0700] {standard_task_runner.py:57} INFO - Started process 872 to run task
[2023-11-01T13:25:21.136+0700] {standard_task_runner.py:84} INFO - Running: ['***', 'tasks', 'run', 'api_crawler', 'create_connection', 'scheduled__2023-11-01T06:10:00+00:00', '--job-id', '31', '--raw', '--subdir', 'DAGS_FOLDER/crawl_api_dag.py', '--cfg-path', '/tmp/tmpa1z8u_5y']
[2023-11-01T13:25:21.140+0700] {standard_task_runner.py:85} INFO - Job 31: Subtask create_connection
[2023-11-01T13:25:21.189+0700] {task_command.py:415} INFO - Running <TaskInstance: api_crawler.create_connection scheduled__2023-11-01T06:10:00+00:00 [running]> on host 26dc1404ecde
[2023-11-01T13:25:21.242+0700] {taskinstance.py:1660} INFO - Exporting env vars: AIRFLOW_CTX_DAG_EMAIL='***@example.com' AIRFLOW_CTX_DAG_OWNER='***' AIRFLOW_CTX_DAG_ID='api_crawler' AIRFLOW_CTX_TASK_ID='create_connection' AIRFLOW_CTX_EXECUTION_DATE='2023-11-01T06:10:00+00:00' AIRFLOW_CTX_TRY_NUMBER='1' AIRFLOW_CTX_DAG_RUN_ID='scheduled__2023-11-01T06:10:00+00:00'
[2023-11-01T13:25:21.250+0700] {create_conn.py:17} WARNING - Connection spark_conn already exists
[2023-11-01T13:25:21.251+0700] {create_conn.py:17} WARNING - Connection hive_conn already exists
[2023-11-01T13:25:21.251+0700] {python.py:194} INFO - Done. Returned value was: None
[2023-11-01T13:25:21.259+0700] {taskinstance.py:1398} INFO - Marking task as SUCCESS. dag_id=api_crawler, task_id=create_connection, execution_date=20231101T061000, start_date=20231101T062521, end_date=20231101T062521
[2023-11-01T13:25:21.308+0700] {local_task_job_runner.py:228} INFO - Task exited with return code 0
[2023-11-01T13:25:21.328+0700] {taskinstance.py:2776} INFO - 1 downstream tasks scheduled from follow-on schedule check
[2023-11-01T13:26:22.466+0700] {taskinstance.py:1157} INFO - Dependencies all met for dep_context=non-requeueable deps ti=<TaskInstance: api_crawler.create_connection scheduled__2023-11-01T06:10:00+00:00 [queued]>
[2023-11-01T13:26:22.472+0700] {taskinstance.py:1157} INFO - Dependencies all met for dep_context=requeueable deps ti=<TaskInstance: api_crawler.create_connection scheduled__2023-11-01T06:10:00+00:00 [queued]>
[2023-11-01T13:26:22.473+0700] {taskinstance.py:1359} INFO - Starting attempt 1 of 2
[2023-11-01T13:26:22.482+0700] {taskinstance.py:1380} INFO - Executing <Task(PythonOperator): create_connection> on 2023-11-01 06:10:00+00:00
[2023-11-01T13:26:22.498+0700] {standard_task_runner.py:57} INFO - Started process 1051 to run task
[2023-11-01T13:26:22.504+0700] {standard_task_runner.py:84} INFO - Running: ['***', 'tasks', 'run', 'api_crawler', 'create_connection', 'scheduled__2023-11-01T06:10:00+00:00', '--job-id', '33', '--raw', '--subdir', 'DAGS_FOLDER/crawl_api_dag.py', '--cfg-path', '/tmp/tmp_3fusedg']
[2023-11-01T13:26:22.508+0700] {standard_task_runner.py:85} INFO - Job 33: Subtask create_connection
[2023-11-01T13:26:22.572+0700] {task_command.py:415} INFO - Running <TaskInstance: api_crawler.create_connection scheduled__2023-11-01T06:10:00+00:00 [running]> on host 26dc1404ecde
[2023-11-01T13:26:22.645+0700] {taskinstance.py:1660} INFO - Exporting env vars: AIRFLOW_CTX_DAG_EMAIL='***@example.com' AIRFLOW_CTX_DAG_OWNER='***' AIRFLOW_CTX_DAG_ID='api_crawler' AIRFLOW_CTX_TASK_ID='create_connection' AIRFLOW_CTX_EXECUTION_DATE='2023-11-01T06:10:00+00:00' AIRFLOW_CTX_TRY_NUMBER='1' AIRFLOW_CTX_DAG_RUN_ID='scheduled__2023-11-01T06:10:00+00:00'
[2023-11-01T13:26:22.656+0700] {create_conn.py:17} WARNING - Connection spark_conn already exists
[2023-11-01T13:26:22.657+0700] {create_conn.py:17} WARNING - Connection hive_conn already exists
[2023-11-01T13:26:22.657+0700] {python.py:194} INFO - Done. Returned value was: None
[2023-11-01T13:26:22.666+0700] {taskinstance.py:1398} INFO - Marking task as SUCCESS. dag_id=api_crawler, task_id=create_connection, execution_date=20231101T061000, start_date=20231101T062622, end_date=20231101T062622
[2023-11-01T13:26:22.717+0700] {local_task_job_runner.py:228} INFO - Task exited with return code 0
[2023-11-01T13:26:22.738+0700] {taskinstance.py:2776} INFO - 1 downstream tasks scheduled from follow-on schedule check
