[2023-11-01T12:40:04.253+0700] {taskinstance.py:1157} INFO - Dependencies all met for dep_context=non-requeueable deps ti=<TaskInstance: api_crawler.crawl_data scheduled__2023-11-01T05:30:00+00:00 [queued]>
[2023-11-01T12:40:04.258+0700] {taskinstance.py:1157} INFO - Dependencies all met for dep_context=requeueable deps ti=<TaskInstance: api_crawler.crawl_data scheduled__2023-11-01T05:30:00+00:00 [queued]>
[2023-11-01T12:40:04.259+0700] {taskinstance.py:1359} INFO - Starting attempt 1 of 2
[2023-11-01T12:40:04.267+0700] {taskinstance.py:1380} INFO - Executing <Task(SparkSubmitOperator): crawl_data> on 2023-11-01 05:30:00+00:00
[2023-11-01T12:40:04.272+0700] {standard_task_runner.py:57} INFO - Started process 281 to run task
[2023-11-01T12:40:04.275+0700] {standard_task_runner.py:84} INFO - Running: ['***', 'tasks', 'run', 'api_crawler', 'crawl_data', 'scheduled__2023-11-01T05:30:00+00:00', '--job-id', '11', '--raw', '--subdir', 'DAGS_FOLDER/crawl_api_dag.py', '--cfg-path', '/tmp/tmpmyhuj_m0']
[2023-11-01T12:40:04.278+0700] {standard_task_runner.py:85} INFO - Job 11: Subtask crawl_data
[2023-11-01T12:40:04.312+0700] {task_command.py:415} INFO - Running <TaskInstance: api_crawler.crawl_data scheduled__2023-11-01T05:30:00+00:00 [running]> on host 30336f6a0571
[2023-11-01T12:40:04.354+0700] {taskinstance.py:1660} INFO - Exporting env vars: AIRFLOW_CTX_DAG_EMAIL='***@example.com' AIRFLOW_CTX_DAG_OWNER='***' AIRFLOW_CTX_DAG_ID='api_crawler' AIRFLOW_CTX_TASK_ID='crawl_data' AIRFLOW_CTX_EXECUTION_DATE='2023-11-01T05:30:00+00:00' AIRFLOW_CTX_TRY_NUMBER='1' AIRFLOW_CTX_DAG_RUN_ID='scheduled__2023-11-01T05:30:00+00:00'
[2023-11-01T12:40:04.361+0700] {base.py:73} INFO - Using connection ID 'spark_conn' for task execution.
[2023-11-01T12:40:04.362+0700] {spark_submit.py:340} INFO - Spark-Submit cmd: spark-submit --master spark://spark-master:7077 --name arrow-spark --verbose dags/api_to_delta.py
[2023-11-01T12:40:04.474+0700] {spark_submit.py:491} INFO - /home/***/.local/lib/python3.9/site-packages/pyspark/bin/load-spark-env.sh: line 68: ps: command not found
[2023-11-01T12:40:05.429+0700] {spark_submit.py:491} INFO - Using properties file: null
[2023-11-01T12:40:05.498+0700] {spark_submit.py:491} INFO - Parsed arguments:
[2023-11-01T12:40:05.499+0700] {spark_submit.py:491} INFO - master                  spark://spark-master:7077
[2023-11-01T12:40:05.499+0700] {spark_submit.py:491} INFO - deployMode              null
[2023-11-01T12:40:05.499+0700] {spark_submit.py:491} INFO - executorMemory          null
[2023-11-01T12:40:05.499+0700] {spark_submit.py:491} INFO - executorCores           null
[2023-11-01T12:40:05.500+0700] {spark_submit.py:491} INFO - totalExecutorCores      null
[2023-11-01T12:40:05.500+0700] {spark_submit.py:491} INFO - propertiesFile          null
[2023-11-01T12:40:05.500+0700] {spark_submit.py:491} INFO - driverMemory            null
[2023-11-01T12:40:05.500+0700] {spark_submit.py:491} INFO - driverCores             null
[2023-11-01T12:40:05.501+0700] {spark_submit.py:491} INFO - driverExtraClassPath    null
[2023-11-01T12:40:05.501+0700] {spark_submit.py:491} INFO - driverExtraLibraryPath  null
[2023-11-01T12:40:05.501+0700] {spark_submit.py:491} INFO - driverExtraJavaOptions  null
[2023-11-01T12:40:05.501+0700] {spark_submit.py:491} INFO - supervise               false
[2023-11-01T12:40:05.501+0700] {spark_submit.py:491} INFO - queue                   null
[2023-11-01T12:40:05.501+0700] {spark_submit.py:491} INFO - numExecutors            null
[2023-11-01T12:40:05.502+0700] {spark_submit.py:491} INFO - files                   null
[2023-11-01T12:40:05.502+0700] {spark_submit.py:491} INFO - pyFiles                 null
[2023-11-01T12:40:05.502+0700] {spark_submit.py:491} INFO - archives                null
[2023-11-01T12:40:05.502+0700] {spark_submit.py:491} INFO - mainClass               null
[2023-11-01T12:40:05.502+0700] {spark_submit.py:491} INFO - primaryResource         file:/opt/***/dags/api_to_delta.py
[2023-11-01T12:40:05.503+0700] {spark_submit.py:491} INFO - name                    arrow-spark
[2023-11-01T12:40:05.503+0700] {spark_submit.py:491} INFO - childArgs               []
[2023-11-01T12:40:05.503+0700] {spark_submit.py:491} INFO - jars                    null
[2023-11-01T12:40:05.503+0700] {spark_submit.py:491} INFO - packages                null
[2023-11-01T12:40:05.504+0700] {spark_submit.py:491} INFO - packagesExclusions      null
[2023-11-01T12:40:05.504+0700] {spark_submit.py:491} INFO - repositories            null
[2023-11-01T12:40:05.504+0700] {spark_submit.py:491} INFO - verbose                 true
[2023-11-01T12:40:05.504+0700] {spark_submit.py:491} INFO - 
[2023-11-01T12:40:05.504+0700] {spark_submit.py:491} INFO - Spark properties used, including those specified through
[2023-11-01T12:40:05.504+0700] {spark_submit.py:491} INFO - --conf and those from the properties file null:
[2023-11-01T12:40:05.505+0700] {spark_submit.py:491} INFO - 
[2023-11-01T12:40:05.505+0700] {spark_submit.py:491} INFO - 
[2023-11-01T12:40:05.505+0700] {spark_submit.py:491} INFO - 
[2023-11-01T12:40:05.654+0700] {spark_submit.py:491} INFO - Main class:
[2023-11-01T12:40:05.655+0700] {spark_submit.py:491} INFO - org.apache.spark.deploy.PythonRunner
[2023-11-01T12:40:05.655+0700] {spark_submit.py:491} INFO - Arguments:
[2023-11-01T12:40:05.655+0700] {spark_submit.py:491} INFO - file:/opt/***/dags/api_to_delta.py
[2023-11-01T12:40:05.656+0700] {spark_submit.py:491} INFO - null
[2023-11-01T12:40:05.656+0700] {spark_submit.py:491} INFO - Spark config:
[2023-11-01T12:40:05.657+0700] {spark_submit.py:491} INFO - (spark.app.name,arrow-spark)
[2023-11-01T12:40:05.657+0700] {spark_submit.py:491} INFO - (spark.app.submitTime,1698817205646)
[2023-11-01T12:40:05.657+0700] {spark_submit.py:491} INFO - (spark.master,spark://spark-master:7077)
[2023-11-01T12:40:05.657+0700] {spark_submit.py:491} INFO - (spark.submit.deployMode,client)
[2023-11-01T12:40:05.657+0700] {spark_submit.py:491} INFO - (spark.submit.pyFiles,)
[2023-11-01T12:40:05.658+0700] {spark_submit.py:491} INFO - Classpath elements:
[2023-11-01T12:40:05.658+0700] {spark_submit.py:491} INFO - 
[2023-11-01T12:40:05.658+0700] {spark_submit.py:491} INFO - 
[2023-11-01T12:40:05.658+0700] {spark_submit.py:491} INFO - 
[2023-11-01T12:40:06.319+0700] {spark_submit.py:491} INFO - Traceback (most recent call last):
[2023-11-01T12:40:06.320+0700] {spark_submit.py:491} INFO - File "/opt/***/dags/api_to_delta.py", line 1, in <module>
[2023-11-01T12:40:06.320+0700] {spark_submit.py:491} INFO - from spark.processor import DataProcessor
[2023-11-01T12:40:06.321+0700] {spark_submit.py:491} INFO - File "/opt/***/dags/spark/processor.py", line 4, in <module>
[2023-11-01T12:40:06.321+0700] {spark_submit.py:491} INFO - from delta import *
[2023-11-01T12:40:06.321+0700] {spark_submit.py:491} INFO - ModuleNotFoundError: No module named 'delta'
[2023-11-01T12:40:06.354+0700] {spark_submit.py:491} INFO - 23/11/01 12:40:06 INFO ShutdownHookManager: Shutdown hook called
[2023-11-01T12:40:06.356+0700] {spark_submit.py:491} INFO - 23/11/01 12:40:06 INFO ShutdownHookManager: Deleting directory /tmp/spark-484562f2-32c3-458c-aa74-4fedd79543fe
[2023-11-01T12:40:06.405+0700] {taskinstance.py:1935} ERROR - Task failed with exception
Traceback (most recent call last):
  File "/home/airflow/.local/lib/python3.9/site-packages/airflow/providers/apache/spark/operators/spark_submit.py", line 156, in execute
    self._hook.submit(self._application)
  File "/home/airflow/.local/lib/python3.9/site-packages/airflow/providers/apache/spark/hooks/spark_submit.py", line 422, in submit
    raise AirflowException(
airflow.exceptions.AirflowException: Cannot execute: spark-submit --master spark://spark-master:7077 --name arrow-spark --verbose dags/api_to_delta.py. Error code is: 1.
[2023-11-01T12:40:06.408+0700] {taskinstance.py:1398} INFO - Marking task as UP_FOR_RETRY. dag_id=api_crawler, task_id=crawl_data, execution_date=20231101T053000, start_date=20231101T054004, end_date=20231101T054006
[2023-11-01T12:40:06.418+0700] {standard_task_runner.py:104} ERROR - Failed to execute job 11 for task crawl_data (Cannot execute: spark-submit --master spark://spark-master:7077 --name arrow-spark --verbose dags/api_to_delta.py. Error code is: 1.; 281)
[2023-11-01T12:40:06.438+0700] {local_task_job_runner.py:228} INFO - Task exited with return code 1
[2023-11-01T12:40:06.459+0700] {taskinstance.py:2776} INFO - 0 downstream tasks scheduled from follow-on schedule check
