[2023-11-01T13:10:02.972+0700] {taskinstance.py:1157} INFO - Dependencies all met for dep_context=non-requeueable deps ti=<TaskInstance: api_crawler.create_connection scheduled__2023-11-01T06:00:00+00:00 [queued]>
[2023-11-01T13:10:02.977+0700] {taskinstance.py:1157} INFO - Dependencies all met for dep_context=requeueable deps ti=<TaskInstance: api_crawler.create_connection scheduled__2023-11-01T06:00:00+00:00 [queued]>
[2023-11-01T13:10:02.977+0700] {taskinstance.py:1359} INFO - Starting attempt 1 of 2
[2023-11-01T13:10:02.986+0700] {taskinstance.py:1380} INFO - Executing <Task(PythonOperator): create_connection> on 2023-11-01 06:00:00+00:00
[2023-11-01T13:10:02.992+0700] {standard_task_runner.py:57} INFO - Started process 583 to run task
[2023-11-01T13:10:02.996+0700] {standard_task_runner.py:84} INFO - Running: ['***', 'tasks', 'run', 'api_crawler', 'create_connection', 'scheduled__2023-11-01T06:00:00+00:00', '--job-id', '19', '--raw', '--subdir', 'DAGS_FOLDER/crawl_api_dag.py', '--cfg-path', '/tmp/tmptvlmmk0k']
[2023-11-01T13:10:02.999+0700] {standard_task_runner.py:85} INFO - Job 19: Subtask create_connection
[2023-11-01T13:10:03.047+0700] {task_command.py:415} INFO - Running <TaskInstance: api_crawler.create_connection scheduled__2023-11-01T06:00:00+00:00 [running]> on host 0b9baf17cefc
[2023-11-01T13:10:03.127+0700] {taskinstance.py:1660} INFO - Exporting env vars: AIRFLOW_CTX_DAG_EMAIL='***@example.com' AIRFLOW_CTX_DAG_OWNER='***' AIRFLOW_CTX_DAG_ID='api_crawler' AIRFLOW_CTX_TASK_ID='create_connection' AIRFLOW_CTX_EXECUTION_DATE='2023-11-01T06:00:00+00:00' AIRFLOW_CTX_TRY_NUMBER='1' AIRFLOW_CTX_DAG_RUN_ID='scheduled__2023-11-01T06:00:00+00:00'
[2023-11-01T13:10:03.138+0700] {create_conn.py:17} WARNING - Connection spark_conn already exists
[2023-11-01T13:10:03.139+0700] {create_conn.py:17} WARNING - Connection hive_conn already exists
[2023-11-01T13:10:03.139+0700] {python.py:194} INFO - Done. Returned value was: None
[2023-11-01T13:10:03.147+0700] {taskinstance.py:1398} INFO - Marking task as SUCCESS. dag_id=api_crawler, task_id=create_connection, execution_date=20231101T060000, start_date=20231101T061002, end_date=20231101T061003
[2023-11-01T13:10:03.169+0700] {local_task_job_runner.py:228} INFO - Task exited with return code 0
[2023-11-01T13:10:03.191+0700] {taskinstance.py:2776} INFO - 1 downstream tasks scheduled from follow-on schedule check
[2023-11-01T13:19:16.023+0700] {taskinstance.py:1157} INFO - Dependencies all met for dep_context=non-requeueable deps ti=<TaskInstance: api_crawler.create_connection scheduled__2023-11-01T06:00:00+00:00 [queued]>
[2023-11-01T13:19:16.033+0700] {taskinstance.py:1157} INFO - Dependencies all met for dep_context=requeueable deps ti=<TaskInstance: api_crawler.create_connection scheduled__2023-11-01T06:00:00+00:00 [queued]>
[2023-11-01T13:19:16.034+0700] {taskinstance.py:1359} INFO - Starting attempt 1 of 2
[2023-11-01T13:19:16.047+0700] {taskinstance.py:1380} INFO - Executing <Task(PythonOperator): create_connection> on 2023-11-01 06:00:00+00:00
[2023-11-01T13:19:16.091+0700] {standard_task_runner.py:57} INFO - Started process 256 to run task
[2023-11-01T13:19:16.096+0700] {standard_task_runner.py:84} INFO - Running: ['***', 'tasks', 'run', 'api_crawler', 'create_connection', 'scheduled__2023-11-01T06:00:00+00:00', '--job-id', '25', '--raw', '--subdir', 'DAGS_FOLDER/crawl_api_dag.py', '--cfg-path', '/tmp/tmpc79yr3ez']
[2023-11-01T13:19:16.105+0700] {standard_task_runner.py:85} INFO - Job 25: Subtask create_connection
[2023-11-01T13:19:16.171+0700] {task_command.py:415} INFO - Running <TaskInstance: api_crawler.create_connection scheduled__2023-11-01T06:00:00+00:00 [running]> on host 26dc1404ecde
[2023-11-01T13:19:16.256+0700] {taskinstance.py:1660} INFO - Exporting env vars: AIRFLOW_CTX_DAG_EMAIL='***@example.com' AIRFLOW_CTX_DAG_OWNER='***' AIRFLOW_CTX_DAG_ID='api_crawler' AIRFLOW_CTX_TASK_ID='create_connection' AIRFLOW_CTX_EXECUTION_DATE='2023-11-01T06:00:00+00:00' AIRFLOW_CTX_TRY_NUMBER='1' AIRFLOW_CTX_DAG_RUN_ID='scheduled__2023-11-01T06:00:00+00:00'
[2023-11-01T13:19:16.276+0700] {create_conn.py:17} WARNING - Connection spark_conn already exists
[2023-11-01T13:19:16.282+0700] {create_conn.py:17} WARNING - Connection hive_conn already exists
[2023-11-01T13:19:16.288+0700] {python.py:194} INFO - Done. Returned value was: None
[2023-11-01T13:19:16.314+0700] {taskinstance.py:1398} INFO - Marking task as SUCCESS. dag_id=api_crawler, task_id=create_connection, execution_date=20231101T060000, start_date=20231101T061916, end_date=20231101T061916
[2023-11-01T13:19:16.402+0700] {local_task_job_runner.py:228} INFO - Task exited with return code 0
[2023-11-01T13:19:16.431+0700] {taskinstance.py:2776} INFO - 1 downstream tasks scheduled from follow-on schedule check
