[2023-11-01T14:05:49.129+0700] {taskinstance.py:1157} INFO - Dependencies all met for dep_context=non-requeueable deps ti=<TaskInstance: api_crawler.create_connection scheduled__2023-11-01T06:50:00+00:00 [queued]>
[2023-11-01T14:05:49.137+0700] {taskinstance.py:1157} INFO - Dependencies all met for dep_context=requeueable deps ti=<TaskInstance: api_crawler.create_connection scheduled__2023-11-01T06:50:00+00:00 [queued]>
[2023-11-01T14:05:49.137+0700] {taskinstance.py:1359} INFO - Starting attempt 1 of 2
[2023-11-01T14:05:49.149+0700] {taskinstance.py:1380} INFO - Executing <Task(PythonOperator): create_connection> on 2023-11-01 06:50:00+00:00
[2023-11-01T14:05:49.182+0700] {standard_task_runner.py:57} INFO - Started process 57 to run task
[2023-11-01T14:05:49.186+0700] {standard_task_runner.py:84} INFO - Running: ['***', 'tasks', 'run', 'api_crawler', 'create_connection', 'scheduled__2023-11-01T06:50:00+00:00', '--job-id', '48', '--raw', '--subdir', 'DAGS_FOLDER/crawl_api_dag.py', '--cfg-path', '/tmp/tmpddqqblrb']
[2023-11-01T14:05:49.191+0700] {standard_task_runner.py:85} INFO - Job 48: Subtask create_connection
[2023-11-01T14:05:49.240+0700] {task_command.py:415} INFO - Running <TaskInstance: api_crawler.create_connection scheduled__2023-11-01T06:50:00+00:00 [running]> on host 993ef7e4359e
[2023-11-01T14:05:49.419+0700] {taskinstance.py:1660} INFO - Exporting env vars: AIRFLOW_CTX_DAG_EMAIL='***@example.com' AIRFLOW_CTX_DAG_OWNER='***' AIRFLOW_CTX_DAG_ID='api_crawler' AIRFLOW_CTX_TASK_ID='create_connection' AIRFLOW_CTX_EXECUTION_DATE='2023-11-01T06:50:00+00:00' AIRFLOW_CTX_TRY_NUMBER='1' AIRFLOW_CTX_DAG_RUN_ID='scheduled__2023-11-01T06:50:00+00:00'
[2023-11-01T14:05:49.444+0700] {create_conn.py:17} WARNING - Connection spark_conn already exists
[2023-11-01T14:05:49.451+0700] {create_conn.py:17} WARNING - Connection hive_conn already exists
[2023-11-01T14:05:49.451+0700] {python.py:194} INFO - Done. Returned value was: None
[2023-11-01T14:05:49.465+0700] {taskinstance.py:1398} INFO - Marking task as SUCCESS. dag_id=api_crawler, task_id=create_connection, execution_date=20231101T065000, start_date=20231101T070549, end_date=20231101T070549
[2023-11-01T14:05:49.506+0700] {local_task_job_runner.py:228} INFO - Task exited with return code 0
[2023-11-01T14:05:49.535+0700] {taskinstance.py:2776} INFO - 1 downstream tasks scheduled from follow-on schedule check
[2023-11-01T14:07:59.874+0700] {taskinstance.py:1157} INFO - Dependencies all met for dep_context=non-requeueable deps ti=<TaskInstance: api_crawler.create_connection scheduled__2023-11-01T06:50:00+00:00 [queued]>
[2023-11-01T14:07:59.892+0700] {taskinstance.py:1157} INFO - Dependencies all met for dep_context=requeueable deps ti=<TaskInstance: api_crawler.create_connection scheduled__2023-11-01T06:50:00+00:00 [queued]>
[2023-11-01T14:07:59.892+0700] {taskinstance.py:1359} INFO - Starting attempt 1 of 2
[2023-11-01T14:07:59.912+0700] {taskinstance.py:1380} INFO - Executing <Task(PythonOperator): create_connection> on 2023-11-01 06:50:00+00:00
[2023-11-01T14:07:59.936+0700] {standard_task_runner.py:57} INFO - Started process 246 to run task
[2023-11-01T14:07:59.962+0700] {standard_task_runner.py:84} INFO - Running: ['***', 'tasks', 'run', 'api_crawler', 'create_connection', 'scheduled__2023-11-01T06:50:00+00:00', '--job-id', '50', '--raw', '--subdir', 'DAGS_FOLDER/crawl_api_dag.py', '--cfg-path', '/tmp/tmp8tzakebn']
[2023-11-01T14:07:59.978+0700] {standard_task_runner.py:85} INFO - Job 50: Subtask create_connection
[2023-11-01T14:08:00.149+0700] {task_command.py:415} INFO - Running <TaskInstance: api_crawler.create_connection scheduled__2023-11-01T06:50:00+00:00 [running]> on host 993ef7e4359e
[2023-11-01T14:08:00.411+0700] {taskinstance.py:1660} INFO - Exporting env vars: AIRFLOW_CTX_DAG_EMAIL='***@example.com' AIRFLOW_CTX_DAG_OWNER='***' AIRFLOW_CTX_DAG_ID='api_crawler' AIRFLOW_CTX_TASK_ID='create_connection' AIRFLOW_CTX_EXECUTION_DATE='2023-11-01T06:50:00+00:00' AIRFLOW_CTX_TRY_NUMBER='1' AIRFLOW_CTX_DAG_RUN_ID='scheduled__2023-11-01T06:50:00+00:00'
[2023-11-01T14:08:00.468+0700] {create_conn.py:17} WARNING - Connection spark_conn already exists
[2023-11-01T14:08:00.475+0700] {create_conn.py:17} WARNING - Connection hive_conn already exists
[2023-11-01T14:08:00.476+0700] {python.py:194} INFO - Done. Returned value was: None
[2023-11-01T14:08:00.519+0700] {taskinstance.py:1398} INFO - Marking task as SUCCESS. dag_id=api_crawler, task_id=create_connection, execution_date=20231101T065000, start_date=20231101T070759, end_date=20231101T070800
[2023-11-01T14:08:00.635+0700] {local_task_job_runner.py:228} INFO - Task exited with return code 0
[2023-11-01T14:08:00.779+0700] {taskinstance.py:2776} INFO - 0 downstream tasks scheduled from follow-on schedule check
