[2023-11-01T13:23:04.580+0700] {taskinstance.py:1157} INFO - Dependencies all met for dep_context=non-requeueable deps ti=<TaskInstance: api_crawler.crawl_data scheduled__2023-11-01T06:10:00+00:00 [queued]>
[2023-11-01T13:23:04.587+0700] {taskinstance.py:1157} INFO - Dependencies all met for dep_context=requeueable deps ti=<TaskInstance: api_crawler.crawl_data scheduled__2023-11-01T06:10:00+00:00 [queued]>
[2023-11-01T13:23:04.587+0700] {taskinstance.py:1359} INFO - Starting attempt 1 of 2
[2023-11-01T13:23:04.595+0700] {taskinstance.py:1380} INFO - Executing <Task(PythonOperator): crawl_data> on 2023-11-01 06:10:00+00:00
[2023-11-01T13:23:04.600+0700] {standard_task_runner.py:57} INFO - Started process 683 to run task
[2023-11-01T13:23:04.603+0700] {standard_task_runner.py:84} INFO - Running: ['***', 'tasks', 'run', 'api_crawler', 'crawl_data', 'scheduled__2023-11-01T06:10:00+00:00', '--job-id', '30', '--raw', '--subdir', 'DAGS_FOLDER/crawl_api_dag.py', '--cfg-path', '/tmp/tmp9qtt8wqj']
[2023-11-01T13:23:04.606+0700] {standard_task_runner.py:85} INFO - Job 30: Subtask crawl_data
[2023-11-01T13:23:04.648+0700] {task_command.py:415} INFO - Running <TaskInstance: api_crawler.crawl_data scheduled__2023-11-01T06:10:00+00:00 [running]> on host 26dc1404ecde
[2023-11-01T13:23:04.701+0700] {taskinstance.py:1660} INFO - Exporting env vars: AIRFLOW_CTX_DAG_EMAIL='***@example.com' AIRFLOW_CTX_DAG_OWNER='***' AIRFLOW_CTX_DAG_ID='api_crawler' AIRFLOW_CTX_TASK_ID='crawl_data' AIRFLOW_CTX_EXECUTION_DATE='2023-11-01T06:10:00+00:00' AIRFLOW_CTX_TRY_NUMBER='1' AIRFLOW_CTX_DAG_RUN_ID='scheduled__2023-11-01T06:10:00+00:00'
[2023-11-01T13:23:14.777+0700] {python.py:194} INFO - Done. Returned value was: None
[2023-11-01T13:23:14.792+0700] {taskinstance.py:1398} INFO - Marking task as SUCCESS. dag_id=api_crawler, task_id=crawl_data, execution_date=20231101T061000, start_date=20231101T062304, end_date=20231101T062314
[2023-11-01T13:23:14.815+0700] {local_task_job_runner.py:228} INFO - Task exited with return code 0
[2023-11-01T13:23:14.830+0700] {taskinstance.py:2776} INFO - 0 downstream tasks scheduled from follow-on schedule check
[2023-11-01T13:25:22.253+0700] {taskinstance.py:1157} INFO - Dependencies all met for dep_context=non-requeueable deps ti=<TaskInstance: api_crawler.crawl_data scheduled__2023-11-01T06:10:00+00:00 [queued]>
[2023-11-01T13:25:22.258+0700] {taskinstance.py:1157} INFO - Dependencies all met for dep_context=requeueable deps ti=<TaskInstance: api_crawler.crawl_data scheduled__2023-11-01T06:10:00+00:00 [queued]>
[2023-11-01T13:25:22.259+0700] {taskinstance.py:1359} INFO - Starting attempt 1 of 2
[2023-11-01T13:25:22.265+0700] {taskinstance.py:1380} INFO - Executing <Task(PythonOperator): crawl_data> on 2023-11-01 06:10:00+00:00
[2023-11-01T13:25:22.271+0700] {standard_task_runner.py:57} INFO - Started process 875 to run task
[2023-11-01T13:25:22.274+0700] {standard_task_runner.py:84} INFO - Running: ['***', 'tasks', 'run', 'api_crawler', 'crawl_data', 'scheduled__2023-11-01T06:10:00+00:00', '--job-id', '32', '--raw', '--subdir', 'DAGS_FOLDER/crawl_api_dag.py', '--cfg-path', '/tmp/tmpurw9dwng']
[2023-11-01T13:25:22.277+0700] {standard_task_runner.py:85} INFO - Job 32: Subtask crawl_data
[2023-11-01T13:25:22.314+0700] {task_command.py:415} INFO - Running <TaskInstance: api_crawler.crawl_data scheduled__2023-11-01T06:10:00+00:00 [running]> on host 26dc1404ecde
[2023-11-01T13:25:22.399+0700] {taskinstance.py:1660} INFO - Exporting env vars: AIRFLOW_CTX_DAG_EMAIL='***@example.com' AIRFLOW_CTX_DAG_OWNER='***' AIRFLOW_CTX_DAG_ID='api_crawler' AIRFLOW_CTX_TASK_ID='crawl_data' AIRFLOW_CTX_EXECUTION_DATE='2023-11-01T06:10:00+00:00' AIRFLOW_CTX_TRY_NUMBER='1' AIRFLOW_CTX_DAG_RUN_ID='scheduled__2023-11-01T06:10:00+00:00'
[2023-11-01T13:25:34.128+0700] {python.py:194} INFO - Done. Returned value was: None
[2023-11-01T13:25:34.166+0700] {taskinstance.py:1398} INFO - Marking task as SUCCESS. dag_id=api_crawler, task_id=crawl_data, execution_date=20231101T061000, start_date=20231101T062522, end_date=20231101T062534
[2023-11-01T13:25:34.235+0700] {local_task_job_runner.py:228} INFO - Task exited with return code 0
[2023-11-01T13:25:34.267+0700] {taskinstance.py:2776} INFO - 0 downstream tasks scheduled from follow-on schedule check
[2023-11-01T13:26:24.304+0700] {taskinstance.py:1157} INFO - Dependencies all met for dep_context=non-requeueable deps ti=<TaskInstance: api_crawler.crawl_data scheduled__2023-11-01T06:10:00+00:00 [queued]>
[2023-11-01T13:26:24.314+0700] {taskinstance.py:1157} INFO - Dependencies all met for dep_context=requeueable deps ti=<TaskInstance: api_crawler.crawl_data scheduled__2023-11-01T06:10:00+00:00 [queued]>
[2023-11-01T13:26:24.314+0700] {taskinstance.py:1359} INFO - Starting attempt 1 of 2
[2023-11-01T13:26:24.324+0700] {taskinstance.py:1380} INFO - Executing <Task(PythonOperator): crawl_data> on 2023-11-01 06:10:00+00:00
[2023-11-01T13:26:24.332+0700] {standard_task_runner.py:57} INFO - Started process 1054 to run task
[2023-11-01T13:26:24.337+0700] {standard_task_runner.py:84} INFO - Running: ['***', 'tasks', 'run', 'api_crawler', 'crawl_data', 'scheduled__2023-11-01T06:10:00+00:00', '--job-id', '34', '--raw', '--subdir', 'DAGS_FOLDER/crawl_api_dag.py', '--cfg-path', '/tmp/tmp1d67ee7v']
[2023-11-01T13:26:24.340+0700] {standard_task_runner.py:85} INFO - Job 34: Subtask crawl_data
[2023-11-01T13:26:24.385+0700] {task_command.py:415} INFO - Running <TaskInstance: api_crawler.crawl_data scheduled__2023-11-01T06:10:00+00:00 [running]> on host 26dc1404ecde
[2023-11-01T13:26:24.449+0700] {taskinstance.py:1660} INFO - Exporting env vars: AIRFLOW_CTX_DAG_EMAIL='***@example.com' AIRFLOW_CTX_DAG_OWNER='***' AIRFLOW_CTX_DAG_ID='api_crawler' AIRFLOW_CTX_TASK_ID='crawl_data' AIRFLOW_CTX_EXECUTION_DATE='2023-11-01T06:10:00+00:00' AIRFLOW_CTX_TRY_NUMBER='1' AIRFLOW_CTX_DAG_RUN_ID='scheduled__2023-11-01T06:10:00+00:00'
[2023-11-01T13:26:44.657+0700] {python.py:194} INFO - Done. Returned value was: None
[2023-11-01T13:26:44.747+0700] {taskinstance.py:1398} INFO - Marking task as SUCCESS. dag_id=api_crawler, task_id=crawl_data, execution_date=20231101T061000, start_date=20231101T062624, end_date=20231101T062644
[2023-11-01T13:26:44.830+0700] {local_task_job_runner.py:228} INFO - Task exited with return code 0
[2023-11-01T13:26:44.870+0700] {taskinstance.py:2776} INFO - 0 downstream tasks scheduled from follow-on schedule check
