[2023-11-01T11:56:35.019+0700] {processor.py:157} INFO - Started process (PID=32) to work on /opt/airflow/dags/full_load_dag.py
[2023-11-01T11:56:35.021+0700] {processor.py:829} INFO - Processing file /opt/airflow/dags/full_load_dag.py for tasks to queue
[2023-11-01T11:56:35.025+0700] {logging_mixin.py:151} INFO - [2023-11-01T11:56:35.024+0700] {dagbag.py:539} INFO - Filling up the DagBag from /opt/airflow/dags/full_load_dag.py
[2023-11-01T11:56:35.109+0700] {processor.py:839} INFO - DAG(s) dict_keys(['batch_etl_full_load']) retrieved from /opt/airflow/dags/full_load_dag.py
[2023-11-01T11:56:35.295+0700] {logging_mixin.py:151} INFO - [2023-11-01T11:56:35.295+0700] {manager.py:499} INFO - Created Permission View: %s
[2023-11-01T11:56:35.303+0700] {logging_mixin.py:151} INFO - [2023-11-01T11:56:35.303+0700] {manager.py:499} INFO - Created Permission View: %s
[2023-11-01T11:56:35.312+0700] {logging_mixin.py:151} INFO - [2023-11-01T11:56:35.312+0700] {manager.py:499} INFO - Created Permission View: %s
[2023-11-01T11:56:35.313+0700] {logging_mixin.py:151} INFO - [2023-11-01T11:56:35.313+0700] {security.py:708} INFO - Not syncing DAG-level permissions for DAG 'DAG:batch_etl_full_load' as access control is unset.
[2023-11-01T11:56:35.314+0700] {logging_mixin.py:151} INFO - [2023-11-01T11:56:35.314+0700] {dag.py:2915} INFO - Sync 1 DAGs
[2023-11-01T11:56:35.326+0700] {logging_mixin.py:151} INFO - [2023-11-01T11:56:35.326+0700] {dag.py:2937} INFO - Creating ORM DAG for batch_etl_full_load
[2023-11-01T11:56:35.337+0700] {logging_mixin.py:151} INFO - [2023-11-01T11:56:35.337+0700] {dag.py:3696} INFO - Setting next_dagrun for batch_etl_full_load to 2022-12-31T17:00:00+00:00, run_after=2022-12-31T17:00:00+00:00
[2023-11-01T11:56:35.370+0700] {processor.py:179} INFO - Processing /opt/airflow/dags/full_load_dag.py took 0.358 seconds
[2023-11-01T11:57:05.917+0700] {processor.py:157} INFO - Started process (PID=88) to work on /opt/airflow/dags/full_load_dag.py
[2023-11-01T11:57:05.919+0700] {processor.py:829} INFO - Processing file /opt/airflow/dags/full_load_dag.py for tasks to queue
[2023-11-01T11:57:05.921+0700] {logging_mixin.py:151} INFO - [2023-11-01T11:57:05.920+0700] {dagbag.py:539} INFO - Filling up the DagBag from /opt/airflow/dags/full_load_dag.py
[2023-11-01T11:57:05.939+0700] {processor.py:839} INFO - DAG(s) dict_keys(['batch_etl_full_load']) retrieved from /opt/airflow/dags/full_load_dag.py
[2023-11-01T11:57:05.978+0700] {logging_mixin.py:151} INFO - [2023-11-01T11:57:05.977+0700] {dag.py:2915} INFO - Sync 1 DAGs
[2023-11-01T11:57:06.000+0700] {logging_mixin.py:151} INFO - [2023-11-01T11:57:06.000+0700] {dag.py:3696} INFO - Setting next_dagrun for batch_etl_full_load to 2022-12-31T17:00:00+00:00, run_after=2022-12-31T17:00:00+00:00
[2023-11-01T11:57:06.017+0700] {processor.py:179} INFO - Processing /opt/airflow/dags/full_load_dag.py took 0.105 seconds
[2023-11-01T11:57:36.149+0700] {processor.py:157} INFO - Started process (PID=144) to work on /opt/airflow/dags/full_load_dag.py
[2023-11-01T11:57:36.151+0700] {processor.py:829} INFO - Processing file /opt/airflow/dags/full_load_dag.py for tasks to queue
[2023-11-01T11:57:36.152+0700] {logging_mixin.py:151} INFO - [2023-11-01T11:57:36.151+0700] {dagbag.py:539} INFO - Filling up the DagBag from /opt/airflow/dags/full_load_dag.py
[2023-11-01T11:57:36.166+0700] {processor.py:839} INFO - DAG(s) dict_keys(['batch_etl_full_load']) retrieved from /opt/airflow/dags/full_load_dag.py
[2023-11-01T11:57:36.194+0700] {logging_mixin.py:151} INFO - [2023-11-01T11:57:36.194+0700] {dag.py:2915} INFO - Sync 1 DAGs
[2023-11-01T11:57:36.213+0700] {logging_mixin.py:151} INFO - [2023-11-01T11:57:36.213+0700] {dag.py:3696} INFO - Setting next_dagrun for batch_etl_full_load to 2022-12-31T17:00:00+00:00, run_after=2022-12-31T17:00:00+00:00
[2023-11-01T11:57:36.231+0700] {processor.py:179} INFO - Processing /opt/airflow/dags/full_load_dag.py took 0.085 seconds
[2023-11-01T11:58:06.448+0700] {processor.py:157} INFO - Started process (PID=199) to work on /opt/airflow/dags/full_load_dag.py
[2023-11-01T11:58:06.449+0700] {processor.py:829} INFO - Processing file /opt/airflow/dags/full_load_dag.py for tasks to queue
[2023-11-01T11:58:06.451+0700] {logging_mixin.py:151} INFO - [2023-11-01T11:58:06.450+0700] {dagbag.py:539} INFO - Filling up the DagBag from /opt/airflow/dags/full_load_dag.py
[2023-11-01T11:58:06.490+0700] {processor.py:839} INFO - DAG(s) dict_keys(['batch_etl_full_load']) retrieved from /opt/airflow/dags/full_load_dag.py
[2023-11-01T11:58:06.524+0700] {logging_mixin.py:151} INFO - [2023-11-01T11:58:06.524+0700] {dag.py:2915} INFO - Sync 1 DAGs
[2023-11-01T11:58:06.542+0700] {logging_mixin.py:151} INFO - [2023-11-01T11:58:06.542+0700] {dag.py:3696} INFO - Setting next_dagrun for batch_etl_full_load to 2022-12-31T17:00:00+00:00, run_after=2022-12-31T17:00:00+00:00
[2023-11-01T11:58:06.560+0700] {processor.py:179} INFO - Processing /opt/airflow/dags/full_load_dag.py took 0.117 seconds
